<?xml version="1.0" encoding="UTF-8"?>
<!-- Generated by org.testng.reporters.JUnitReportReporter -->
<testsuite hostname="DESKTOP-P1KBDS6" failures="0" tests="1" name="LocalTestExecution" time="119.344" errors="0" timestamp="2024-05-04T10:40:55 IST" skipped="0">
  <testcase classname="LocalTestExecution" name="launchBrowser" time="119.344"/>
  <system-out/>
</testsuite> <!-- LocalTestExecution -->
